<?xml version="1.0" encoding="UTF-8"?>
<!-- Generated by org.testng.reporters.JUnitReportReporter -->
<testsuite hostname="Alejandros-MacBook-Air.local" failures="0" tests="1" name="restAssuredTest.postTest" time="2.441" errors="0" timestamp="2023-03-29T20:20:32 EDT" skipped="0">
  <testcase classname="restAssuredTest.postTest" name="restAssuredPost" time="2.441"/>
  <system-out/>
</testsuite> <!-- restAssuredTest.postTest -->
